-------------------------------------------------------------------------------
Test set: com.awbd.configserver.ConfigServerApplicationTests
-------------------------------------------------------------------------------
Tests run: 1, Failures: 0, Errors: 1, Skipped: 0, Time elapsed: 4.832 s <<< FAILURE! - in com.awbd.configserver.ConfigServerApplicationTests
contextLoads  Time elapsed: 0.002 s  <<< ERROR!
java.lang.IllegalStateException: Failed to load ApplicationContext
Caused by: org.springframework.beans.factory.BeanCreationException: Error creating bean with name 'defaultEnvironmentRepository' defined in class path resource [org/springframework/cloud/config/server/config/GitRepositoryConfiguration.class]: Invocation of init method failed; nested exception is org.eclipse.jgit.api.errors.InvalidRefNameException: Branch name main   is not allowed
Caused by: org.eclipse.jgit.api.errors.InvalidRefNameException: Branch name main   is not allowed

